Determining if the pthread_create exist failed with the following output:
Change Dir: /home/chen/AIrobot/build/CMakeFiles/CMakeTmp

Run Build Command:"/usr/bin/make" "cmTC_79222/fast"
/usr/bin/make -f CMakeFiles/cmTC_79222.dir/build.make CMakeFiles/cmTC_79222.dir/build
make[1]: Entering directory '/home/chen/AIrobot/build/CMakeFiles/CMakeTmp'
Building C object CMakeFiles/cmTC_79222.dir/CheckSymbolExists.c.o
/usr/bin/cc     -o CMakeFiles/cmTC_79222.dir/CheckSymbolExists.c.o   -c /home/chen/AIrobot/build/CMakeFiles/CMakeTmp/CheckSymbolExists.c
Linking C executable cmTC_79222
/usr/bin/cmake -E cmake_link_script CMakeFiles/cmTC_79222.dir/link.txt --verbose=1
/usr/bin/cc       CMakeFiles/cmTC_79222.dir/CheckSymbolExists.c.o  -o cmTC_79222 -rdynamic 
CMakeFiles/cmTC_79222.dir/CheckSymbolExists.c.o：在函数‘main’中：
CheckSymbolExists.c:(.text+0x16)：对‘pthread_create’未定义的引用
collect2: error: ld returned 1 exit status
CMakeFiles/cmTC_79222.dir/build.make:97: recipe for target 'cmTC_79222' failed
make[1]: *** [cmTC_79222] Error 1
make[1]: Leaving directory '/home/chen/AIrobot/build/CMakeFiles/CMakeTmp'
Makefile:126: recipe for target 'cmTC_79222/fast' failed
make: *** [cmTC_79222/fast] Error 2

File /home/chen/AIrobot/build/CMakeFiles/CMakeTmp/CheckSymbolExists.c:
/* */
#include <pthread.h>

int main(int argc, char** argv)
{
  (void)argv;
#ifndef pthread_create
  return ((int*)(&pthread_create))[argc];
#else
  (void)argc;
  return 0;
#endif
}

Determining if the function pthread_create exists in the pthreads failed with the following output:
Change Dir: /home/chen/AIrobot/build/CMakeFiles/CMakeTmp

Run Build Command:"/usr/bin/make" "cmTC_ba2ec/fast"
/usr/bin/make -f CMakeFiles/cmTC_ba2ec.dir/build.make CMakeFiles/cmTC_ba2ec.dir/build
make[1]: Entering directory '/home/chen/AIrobot/build/CMakeFiles/CMakeTmp'
Building C object CMakeFiles/cmTC_ba2ec.dir/CheckFunctionExists.c.o
/usr/bin/cc    -DCHECK_FUNCTION_EXISTS=pthread_create   -o CMakeFiles/cmTC_ba2ec.dir/CheckFunctionExists.c.o   -c /usr/share/cmake-3.5/Modules/CheckFunctionExists.c
Linking C executable cmTC_ba2ec
/usr/bin/cmake -E cmake_link_script CMakeFiles/cmTC_ba2ec.dir/link.txt --verbose=1
/usr/bin/cc   -DCHECK_FUNCTION_EXISTS=pthread_create    CMakeFiles/cmTC_ba2ec.dir/CheckFunctionExists.c.o  -o cmTC_ba2ec -rdynamic -lpthreads 
/usr/bin/ld: 找不到 -lpthreads
collect2: error: ld returned 1 exit status
CMakeFiles/cmTC_ba2ec.dir/build.make:97: recipe for target 'cmTC_ba2ec' failed
make[1]: *** [cmTC_ba2ec] Error 1
make[1]: Leaving directory '/home/chen/AIrobot/build/CMakeFiles/CMakeTmp'
Makefile:126: recipe for target 'cmTC_ba2ec/fast' failed
make: *** [cmTC_ba2ec/fast] Error 2


