Determining if the pthread_create exist failed with the following output:
Change Dir: /home/browningwan/RANSAC_ICP/Final4/cmake-build-debug/CMakeFiles/CMakeTmp

Run Build Command:"/usr/bin/make" "cmTC_78014/fast"
/usr/bin/make -f CMakeFiles/cmTC_78014.dir/build.make CMakeFiles/cmTC_78014.dir/build
make[1]: Entering directory '/home/browningwan/RANSAC_ICP/Final4/cmake-build-debug/CMakeFiles/CMakeTmp'
Building C object CMakeFiles/cmTC_78014.dir/CheckSymbolExists.c.o
/usr/bin/cc   -std=c11    -o CMakeFiles/cmTC_78014.dir/CheckSymbolExists.c.o   -c /home/browningwan/RANSAC_ICP/Final4/cmake-build-debug/CMakeFiles/CMakeTmp/CheckSymbolExists.c
Linking C executable cmTC_78014
/home/browningwan/clion-2018.3/bin/cmake/linux/bin/cmake -E cmake_link_script CMakeFiles/cmTC_78014.dir/link.txt --verbose=1
/usr/bin/cc  -std=c11     -rdynamic CMakeFiles/cmTC_78014.dir/CheckSymbolExists.c.o  -o cmTC_78014 
CMakeFiles/cmTC_78014.dir/CheckSymbolExists.c.o：在函数‘main’中：
CheckSymbolExists.c:(.text+0x16)：对‘pthread_create’未定义的引用
collect2: error: ld returned 1 exit status
CMakeFiles/cmTC_78014.dir/build.make:86: recipe for target 'cmTC_78014' failed
make[1]: *** [cmTC_78014] Error 1
make[1]: Leaving directory '/home/browningwan/RANSAC_ICP/Final4/cmake-build-debug/CMakeFiles/CMakeTmp'
Makefile:121: recipe for target 'cmTC_78014/fast' failed
make: *** [cmTC_78014/fast] Error 2

File /home/browningwan/RANSAC_ICP/Final4/cmake-build-debug/CMakeFiles/CMakeTmp/CheckSymbolExists.c:
/* */
#include <pthread.h>

int main(int argc, char** argv)
{
  (void)argv;
#ifndef pthread_create
  return ((int*)(&pthread_create))[argc];
#else
  (void)argc;
  return 0;
#endif
}

Determining if the function pthread_create exists in the pthreads failed with the following output:
Change Dir: /home/browningwan/RANSAC_ICP/Final4/cmake-build-debug/CMakeFiles/CMakeTmp

Run Build Command:"/usr/bin/make" "cmTC_51921/fast"
/usr/bin/make -f CMakeFiles/cmTC_51921.dir/build.make CMakeFiles/cmTC_51921.dir/build
make[1]: Entering directory '/home/browningwan/RANSAC_ICP/Final4/cmake-build-debug/CMakeFiles/CMakeTmp'
Building C object CMakeFiles/cmTC_51921.dir/CheckFunctionExists.c.o
/usr/bin/cc   -std=c11 -DCHECK_FUNCTION_EXISTS=pthread_create   -o CMakeFiles/cmTC_51921.dir/CheckFunctionExists.c.o   -c /home/browningwan/clion-2018.3/bin/cmake/linux/share/cmake-3.12/Modules/CheckFunctionExists.c
Linking C executable cmTC_51921
/home/browningwan/clion-2018.3/bin/cmake/linux/bin/cmake -E cmake_link_script CMakeFiles/cmTC_51921.dir/link.txt --verbose=1
/usr/bin/cc  -std=c11 -DCHECK_FUNCTION_EXISTS=pthread_create    -rdynamic CMakeFiles/cmTC_51921.dir/CheckFunctionExists.c.o  -o cmTC_51921 -lpthreads 
/usr/bin/ld: 找不到 -lpthreads
collect2: error: ld returned 1 exit status
CMakeFiles/cmTC_51921.dir/build.make:86: recipe for target 'cmTC_51921' failed
make[1]: *** [cmTC_51921] Error 1
make[1]: Leaving directory '/home/browningwan/RANSAC_ICP/Final4/cmake-build-debug/CMakeFiles/CMakeTmp'
Makefile:121: recipe for target 'cmTC_51921/fast' failed
make: *** [cmTC_51921/fast] Error 2


