Determining if the pthread_create exist failed with the following output:
Change Dir: /home/chen/RANSAC_ICP/Realsense2PCL/build/CMakeFiles/CMakeTmp

Run Build Command:"/usr/bin/make" "cmTC_17c19/fast"
/usr/bin/make -f CMakeFiles/cmTC_17c19.dir/build.make CMakeFiles/cmTC_17c19.dir/build
make[1]: Entering directory '/home/chen/RANSAC_ICP/Realsense2PCL/build/CMakeFiles/CMakeTmp'
Building C object CMakeFiles/cmTC_17c19.dir/CheckSymbolExists.c.o
/usr/bin/cc    -std=c11    -o CMakeFiles/cmTC_17c19.dir/CheckSymbolExists.c.o   -c /home/chen/RANSAC_ICP/Realsense2PCL/build/CMakeFiles/CMakeTmp/CheckSymbolExists.c
Linking C executable cmTC_17c19
/usr/bin/cmake -E cmake_link_script CMakeFiles/cmTC_17c19.dir/link.txt --verbose=1
/usr/bin/cc   -std=c11     CMakeFiles/cmTC_17c19.dir/CheckSymbolExists.c.o  -o cmTC_17c19 -rdynamic 
CMakeFiles/cmTC_17c19.dir/CheckSymbolExists.c.o：在函数‘main’中：
CheckSymbolExists.c:(.text+0x16)：对‘pthread_create’未定义的引用
collect2: error: ld returned 1 exit status
CMakeFiles/cmTC_17c19.dir/build.make:97: recipe for target 'cmTC_17c19' failed
make[1]: *** [cmTC_17c19] Error 1
make[1]: Leaving directory '/home/chen/RANSAC_ICP/Realsense2PCL/build/CMakeFiles/CMakeTmp'
Makefile:126: recipe for target 'cmTC_17c19/fast' failed
make: *** [cmTC_17c19/fast] Error 2

File /home/chen/RANSAC_ICP/Realsense2PCL/build/CMakeFiles/CMakeTmp/CheckSymbolExists.c:
/* */
#include <pthread.h>

int main(int argc, char** argv)
{
  (void)argv;
#ifndef pthread_create
  return ((int*)(&pthread_create))[argc];
#else
  (void)argc;
  return 0;
#endif
}

Determining if the function pthread_create exists in the pthreads failed with the following output:
Change Dir: /home/chen/RANSAC_ICP/Realsense2PCL/build/CMakeFiles/CMakeTmp

Run Build Command:"/usr/bin/make" "cmTC_db47e/fast"
/usr/bin/make -f CMakeFiles/cmTC_db47e.dir/build.make CMakeFiles/cmTC_db47e.dir/build
make[1]: Entering directory '/home/chen/RANSAC_ICP/Realsense2PCL/build/CMakeFiles/CMakeTmp'
Building C object CMakeFiles/cmTC_db47e.dir/CheckFunctionExists.c.o
/usr/bin/cc    -std=c11 -DCHECK_FUNCTION_EXISTS=pthread_create   -o CMakeFiles/cmTC_db47e.dir/CheckFunctionExists.c.o   -c /usr/share/cmake-3.5/Modules/CheckFunctionExists.c
Linking C executable cmTC_db47e
/usr/bin/cmake -E cmake_link_script CMakeFiles/cmTC_db47e.dir/link.txt --verbose=1
/usr/bin/cc   -std=c11 -DCHECK_FUNCTION_EXISTS=pthread_create    CMakeFiles/cmTC_db47e.dir/CheckFunctionExists.c.o  -o cmTC_db47e -rdynamic -lpthreads 
/usr/bin/ld: 找不到 -lpthreads
collect2: error: ld returned 1 exit status
CMakeFiles/cmTC_db47e.dir/build.make:97: recipe for target 'cmTC_db47e' failed
make[1]: *** [cmTC_db47e] Error 1
make[1]: Leaving directory '/home/chen/RANSAC_ICP/Realsense2PCL/build/CMakeFiles/CMakeTmp'
Makefile:126: recipe for target 'cmTC_db47e/fast' failed
make: *** [cmTC_db47e/fast] Error 2


