Determining if the pthread_create exist failed with the following output:
Change Dir: /home/chen/AIrobot/FFF/build/CMakeFiles/CMakeTmp

Run Build Command:"/usr/bin/make" "cmTC_fa8d7/fast"
/usr/bin/make -f CMakeFiles/cmTC_fa8d7.dir/build.make CMakeFiles/cmTC_fa8d7.dir/build
make[1]: Entering directory '/home/chen/AIrobot/FFF/build/CMakeFiles/CMakeTmp'
Building C object CMakeFiles/cmTC_fa8d7.dir/CheckSymbolExists.c.o
/usr/bin/cc    -std=c11    -o CMakeFiles/cmTC_fa8d7.dir/CheckSymbolExists.c.o   -c /home/chen/AIrobot/FFF/build/CMakeFiles/CMakeTmp/CheckSymbolExists.c
Linking C executable cmTC_fa8d7
/usr/bin/cmake -E cmake_link_script CMakeFiles/cmTC_fa8d7.dir/link.txt --verbose=1
/usr/bin/cc   -std=c11     CMakeFiles/cmTC_fa8d7.dir/CheckSymbolExists.c.o  -o cmTC_fa8d7 -rdynamic 
CMakeFiles/cmTC_fa8d7.dir/CheckSymbolExists.c.o：在函数‘main’中：
CheckSymbolExists.c:(.text+0x16)：对‘pthread_create’未定义的引用
collect2: error: ld returned 1 exit status
CMakeFiles/cmTC_fa8d7.dir/build.make:97: recipe for target 'cmTC_fa8d7' failed
make[1]: *** [cmTC_fa8d7] Error 1
make[1]: Leaving directory '/home/chen/AIrobot/FFF/build/CMakeFiles/CMakeTmp'
Makefile:126: recipe for target 'cmTC_fa8d7/fast' failed
make: *** [cmTC_fa8d7/fast] Error 2

File /home/chen/AIrobot/FFF/build/CMakeFiles/CMakeTmp/CheckSymbolExists.c:
/* */
#include <pthread.h>

int main(int argc, char** argv)
{
  (void)argv;
#ifndef pthread_create
  return ((int*)(&pthread_create))[argc];
#else
  (void)argc;
  return 0;
#endif
}

Determining if the function pthread_create exists in the pthreads failed with the following output:
Change Dir: /home/chen/AIrobot/FFF/build/CMakeFiles/CMakeTmp

Run Build Command:"/usr/bin/make" "cmTC_b17bb/fast"
/usr/bin/make -f CMakeFiles/cmTC_b17bb.dir/build.make CMakeFiles/cmTC_b17bb.dir/build
make[1]: Entering directory '/home/chen/AIrobot/FFF/build/CMakeFiles/CMakeTmp'
Building C object CMakeFiles/cmTC_b17bb.dir/CheckFunctionExists.c.o
/usr/bin/cc    -std=c11 -DCHECK_FUNCTION_EXISTS=pthread_create   -o CMakeFiles/cmTC_b17bb.dir/CheckFunctionExists.c.o   -c /usr/share/cmake-3.5/Modules/CheckFunctionExists.c
Linking C executable cmTC_b17bb
/usr/bin/cmake -E cmake_link_script CMakeFiles/cmTC_b17bb.dir/link.txt --verbose=1
/usr/bin/cc   -std=c11 -DCHECK_FUNCTION_EXISTS=pthread_create    CMakeFiles/cmTC_b17bb.dir/CheckFunctionExists.c.o  -o cmTC_b17bb -rdynamic -lpthreads 
/usr/bin/ld: 找不到 -lpthreads
collect2: error: ld returned 1 exit status
CMakeFiles/cmTC_b17bb.dir/build.make:97: recipe for target 'cmTC_b17bb' failed
make[1]: *** [cmTC_b17bb] Error 1
make[1]: Leaving directory '/home/chen/AIrobot/FFF/build/CMakeFiles/CMakeTmp'
Makefile:126: recipe for target 'cmTC_b17bb/fast' failed
make: *** [cmTC_b17bb/fast] Error 2


